<?xml version="1.0" encoding="UTF-8"?>
<testng-results skipped="0" failed="0" ignored="0" total="1" passed="1">
  <reporter-output>
  </reporter-output>
  <suite name="Default suite" duration-ms="484" started-at="2021-02-14T01:42:18 SGT" finished-at="2021-02-14T01:42:18 SGT">
    <groups>
    </groups>
    <test name="Default test" duration-ms="484" started-at="2021-02-14T01:42:18 SGT" finished-at="2021-02-14T01:42:18 SGT">
      <class name="pageobjectmodel.ExeclUtils">
        <test-method status="PASS" signature="getExcelData()[pri:0, instance:pageobjectmodel.ExeclUtils@1f554b06]" name="getExcelData" duration-ms="452" started-at="2021-02-14T01:42:18 SGT" finished-at="2021-02-14T01:42:18 SGT">
          <reporter-output>
          </reporter-output>
        </test-method> <!-- getExcelData -->
      </class> <!-- pageobjectmodel.ExeclUtils -->
    </test> <!-- Default test -->
  </suite> <!-- Default suite -->
</testng-results>
